15:41:23.936 INFO - Selenium build info: version: '3.4.0', revision: 'unknown'
15:41:23.937 INFO - Launching a standalone Selenium Server
2017-05-16 15:41:23.956:INFO::main: Logging initialized @255ms to org.seleniumhq.jetty9.util.log.StdErrLog
15:41:24.008 INFO - Driver provider org.openqa.selenium.ie.InternetExplorerDriver registration is skipped:
 registration capabilities Capabilities [{ensureCleanSession=true, browserName=internet explorer, version=, platform=WINDOWS}] does not match the current platform MAC
15:41:24.008 INFO - Driver provider org.openqa.selenium.edge.EdgeDriver registration is skipped:
 registration capabilities Capabilities [{browserName=MicrosoftEdge, version=, platform=WINDOWS}] does not match the current platform MAC
15:41:24.008 INFO - Driver class not found: com.opera.core.systems.OperaDriver
15:41:24.008 INFO - Driver provider com.opera.core.systems.OperaDriver registration is skipped:
Unable to create new instances on this machine.
15:41:24.008 INFO - Driver class not found: com.opera.core.systems.OperaDriver
15:41:24.008 INFO - Driver provider com.opera.core.systems.OperaDriver is not registered
2017-05-16 15:41:24.049:INFO:osjs.Server:main: jetty-9.4.3.v20170317
2017-05-16 15:41:24.088:INFO:osjsh.ContextHandler:main: Started o.s.j.s.ServletContextHandler@d8355a8{/,null,AVAILABLE}
2017-05-16 15:41:24.124:INFO:osjs.AbstractConnector:main: Started ServerConnector@146ba0ac{HTTP/1.1,[http/1.1]}{0.0.0.0:4444}
2017-05-16 15:41:24.125:INFO:osjs.Server:main: Started @424ms
15:41:24.125 INFO - Selenium Server is up and running
15:41:24.345 INFO - SessionCleaner initialized with insideBrowserTimeout 0 and clientGoneTimeout 1800000 polling every 180000
15:41:24.370 INFO - Executing: [new session: Capabilities [{acceptSslCerts=true, marionette=true, name=Login, browserName=chrome, javascriptEnabled=true, platform=ANY}]])
15:41:24.399 INFO - Creating a new session for Capabilities [{acceptSslCerts=true, marionette=true, name=Login, browserName=chrome, javascriptEnabled=true, platform=ANY}]
Starting ChromeDriver 2.29.461585 (0be2cd95f834e9ee7c46bcc7cf405b483f5ae83b) on port 32014
Only local connections are allowed.
15:41:25.318 INFO - Detected dialect: OSS
15:41:25.338 INFO - Done: [new session: Capabilities [{acceptSslCerts=true, marionette=true, name=Login, browserName=chrome, javascriptEnabled=true, platform=ANY}]]
15:41:25.356 INFO - Executing: [get: localhost:3000/login])
15:41:25.762 INFO - Done: [get: localhost:3000/login]
15:41:25.772 INFO - Executing: [find elements: By.cssSelector: body])
15:41:25.812 INFO - Done: [find elements: By.cssSelector: body]
15:41:25.819 INFO - Executing: [is displayed: 0 [[ChromeDriver: chrome on MAC (d6e13e04ffcc6df81d609958c939b564)] -> css selector: body]])
15:41:25.841 INFO - Done: [is displayed: 0 [[ChromeDriver: chrome on MAC (d6e13e04ffcc6df81d609958c939b564)] -> css selector: body]]
15:41:25.846 INFO - Executing: [find element: By.cssSelector: input[name="username"]])
15:41:25.870 INFO - Done: [find element: By.cssSelector: input[name="username"]]
15:41:25.874 INFO - Executing: [send keys: 1 [[ChromeDriver: chrome on MAC (d6e13e04ffcc6df81d609958c939b564)] -> css selector: input[name="username"]], [k, i, t, c, h, e, n]])
15:41:25.945 INFO - Done: [send keys: 1 [[ChromeDriver: chrome on MAC (d6e13e04ffcc6df81d609958c939b564)] -> css selector: input[name="username"]], [k, i, t, c, h, e, n]]
15:41:25.951 INFO - Executing: [find element: By.cssSelector: input[name="password"]])
15:41:25.973 INFO - Done: [find element: By.cssSelector: input[name="password"]]
15:41:25.977 INFO - Executing: [send keys: 2 [[ChromeDriver: chrome on MAC (d6e13e04ffcc6df81d609958c939b564)] -> css selector: input[name="password"]], [d, a, g, o, b, a, h, t, e, c, h]])
15:41:26.046 INFO - Done: [send keys: 2 [[ChromeDriver: chrome on MAC (d6e13e04ffcc6df81d609958c939b564)] -> css selector: input[name="password"]], [d, a, g, o, b, a, h, t, e, c, h]]
15:41:26.049 INFO - Executing: [find element: By.cssSelector: button[type="submit"]])
15:41:26.073 INFO - Done: [find element: By.cssSelector: button[type="submit"]]
15:41:26.076 INFO - Executing: [click: 3 [[ChromeDriver: chrome on MAC (d6e13e04ffcc6df81d609958c939b564)] -> css selector: button[type="submit"]]])
15:41:26.142 INFO - Done: [click: 3 [[ChromeDriver: chrome on MAC (d6e13e04ffcc6df81d609958c939b564)] -> css selector: button[type="submit"]]]
15:41:28.151 INFO - Executing: [get title])
15:41:28.162 INFO - Done: [get title]
15:41:28.167 INFO - Executing: [delete session: c1fac3db-0071-479b-8967-ee32d5c12e1d])
15:41:28.239 INFO - Done: [delete session: c1fac3db-0071-479b-8967-ee32d5c12e1d]
